#! /c/Source/iverilog-install/bin/vvp
:ivl_version "12.0 (devel)" "(s20150603-1539-g2693dd32b)";
:ivl_delay_selection "TYPICAL";
:vpi_time_precision + 0;
:vpi_module "C:\iverilog\lib\ivl\system.vpi";
:vpi_module "C:\iverilog\lib\ivl\vhdl_sys.vpi";
:vpi_module "C:\iverilog\lib\ivl\vhdl_textio.vpi";
:vpi_module "C:\iverilog\lib\ivl\v2005_math.vpi";
:vpi_module "C:\iverilog\lib\ivl\va_math.vpi";
S_000001d7385a5510 .scope module, "counter_tb" "counter_tb" 2 1;
 .timescale 0 0;
v000001d7383eb840_0 .var "clk", 0 0;
v000001d7383eb8e0_0 .net "q", 3 0, v000001d7383eeec0_0;  1 drivers
S_000001d7385a56a0 .scope module, "uut" "counter" 2 6, 3 1 0, S_000001d7385a5510;
 .timescale 0 0;
    .port_info 0 /INPUT 1 "clk";
    .port_info 1 /OUTPUT 4 "q";
v000001d7383e6f40_0 .net "clk", 0 0, v000001d7383eb840_0;  1 drivers
v000001d7383eeec0_0 .var "q", 3 0;
E_000001d7383ecbf0 .event posedge, v000001d7383e6f40_0;
    .scope S_000001d7385a56a0;
T_0 ;
    %pushi/vec4 0, 0, 4;
    %store/vec4 v000001d7383eeec0_0, 0, 4;
    %end;
    .thread T_0;
    .scope S_000001d7385a56a0;
T_1 ;
    %wait E_000001d7383ecbf0;
    %load/vec4 v000001d7383eeec0_0;
    %addi 1, 0, 4;
    %assign/vec4 v000001d7383eeec0_0, 0;
    %jmp T_1;
    .thread T_1;
    .scope S_000001d7385a5510;
T_2 ;
    %pushi/vec4 0, 0, 1;
    %store/vec4 v000001d7383eb840_0, 0, 1;
    %delay 100, 0;
    %vpi_call 2 13 "$finish" {0 0 0};
    %end;
    .thread T_2;
    .scope S_000001d7385a5510;
T_3 ;
    %delay 5, 0;
    %load/vec4 v000001d7383eb840_0;
    %inv;
    %store/vec4 v000001d7383eb840_0, 0, 1;
    %jmp T_3;
    .thread T_3;
    .scope S_000001d7385a5510;
T_4 ;
    %vpi_call 2 19 "$dumpfile", "counter.vcd" {0 0 0};
    %vpi_call 2 20 "$dumpvars", 32'sb00000000000000000000000000000000 {0 0 0};
    %end;
    .thread T_4;
# The file index is used to find the file name in the following table.
:file_names 4;
    "N/A";
    "<interactive>";
    "counter_tb.v";
    "counter.v";
